Compilation started at Fri Aug  2 01:24:59

python3 train.py data
Using TensorFlow backend.

Training model for toxic
WARNING: Logging before flag parsing goes to stderr.
W0802 01:25:02.369440 139830876161856 deprecation_wrapper.py:119] From /home/tuxdna/venv3/lib/python3.6/site-packages/keras/backend/tensorflow_backend.py:74: The name tf.get_default_graph is deprecated. Please use tf.compat.v1.get_default_graph instead.

W0802 01:25:02.370037 139830876161856 deprecation_wrapper.py:119] From /home/tuxdna/venv3/lib/python3.6/site-packages/keras/backend/tensorflow_backend.py:517: The name tf.placeholder is deprecated. Please use tf.compat.v1.placeholder instead.

W0802 01:25:02.370660 139830876161856 deprecation_wrapper.py:119] From /home/tuxdna/venv3/lib/python3.6/site-packages/keras/backend/tensorflow_backend.py:4138: The name tf.random_uniform is deprecated. Please use tf.random.uniform instead.

W0802 01:25:02.381144 139830876161856 deprecation_wrapper.py:119] From /home/tuxdna/venv3/lib/python3.6/site-packages/keras/backend/tensorflow_backend.py:133: The name tf.placeholder_with_default is deprecated. Please use tf.compat.v1.placeholder_with_default instead.

W0802 01:25:02.385537 139830876161856 deprecation.py:506] From /home/tuxdna/venv3/lib/python3.6/site-packages/keras/backend/tensorflow_backend.py:3445: calling dropout (from tensorflow.python.ops.nn_ops) with keep_prob is deprecated and will be removed in a future version.
Instructions for updating:
Please use `rate` instead of `keep_prob`. Rate should be set to `rate = 1 - keep_prob`.
W0802 01:25:02.413361 139830876161856 deprecation_wrapper.py:119] From /home/tuxdna/venv3/lib/python3.6/site-packages/keras/backend/tensorflow_backend.py:4115: The name tf.random_normal is deprecated. Please use tf.random.normal instead.

W0802 01:25:02.420504 139830876161856 deprecation_wrapper.py:119] From /home/tuxdna/venv3/lib/python3.6/site-packages/keras/optimizers.py:790: The name tf.train.Optimizer is deprecated. Please use tf.compat.v1.train.Optimizer instead.

W0802 01:25:02.425700 139830876161856 deprecation.py:323] From /home/tuxdna/venv3/lib/python3.6/site-packages/tensorflow/python/ops/nn_impl.py:180: add_dispatch_support.<locals>.wrapper (from tensorflow.python.ops.array_ops) is deprecated and will be removed in a future version.
Instructions for updating:
Use tf.where in 2.0, which has the same broadcast rule as np.where
Train on 111699 samples, validate on 47872 samples
Epoch 1/20
2019-08-02 01:25:02.614478: I tensorflow/core/platform/cpu_feature_guard.cc:142] Your CPU supports instructions that this TensorFlow binary was not compiled to use: AVX2 FMA
2019-08-02 01:25:02.618986: I tensorflow/stream_executor/platform/default/dso_loader.cc:42] Successfully opened dynamic library libcuda.so.1
2019-08-02 01:25:02.670464: I tensorflow/stream_executor/cuda/cuda_gpu_executor.cc:1005] successful NUMA node read from SysFS had negative value (-1), but there must be at least one NUMA node, so returning NUMA node zero
2019-08-02 01:25:02.671011: I tensorflow/compiler/xla/service/service.cc:168] XLA service 0x4724930 executing computations on platform CUDA. Devices:
2019-08-02 01:25:02.671024: I tensorflow/compiler/xla/service/service.cc:175]   StreamExecutor device (0): GeForce GTX 1070, Compute Capability 6.1
2019-08-02 01:25:02.692864: I tensorflow/core/platform/profile_utils/cpu_utils.cc:94] CPU Frequency: 2208000000 Hz
2019-08-02 01:25:02.693836: I tensorflow/compiler/xla/service/service.cc:168] XLA service 0x450c920 executing computations on platform Host. Devices:
2019-08-02 01:25:02.693869: I tensorflow/compiler/xla/service/service.cc:175]   StreamExecutor device (0): <undefined>, <undefined>
2019-08-02 01:25:02.694048: I tensorflow/stream_executor/cuda/cuda_gpu_executor.cc:1005] successful NUMA node read from SysFS had negative value (-1), but there must be at least one NUMA node, so returning NUMA node zero
2019-08-02 01:25:02.694653: I tensorflow/core/common_runtime/gpu/gpu_device.cc:1640] Found device 0 with properties: 
name: GeForce GTX 1070 major: 6 minor: 1 memoryClockRate(GHz): 1.695
pciBusID: 0000:01:00.0
2019-08-02 01:25:02.694914: I tensorflow/stream_executor/platform/default/dso_loader.cc:42] Successfully opened dynamic library libcudart.so.10.0
2019-08-02 01:25:02.695860: I tensorflow/stream_executor/platform/default/dso_loader.cc:42] Successfully opened dynamic library libcublas.so.10.0
2019-08-02 01:25:02.696553: I tensorflow/stream_executor/platform/default/dso_loader.cc:42] Successfully opened dynamic library libcufft.so.10.0
2019-08-02 01:25:02.696746: I tensorflow/stream_executor/platform/default/dso_loader.cc:42] Successfully opened dynamic library libcurand.so.10.0
2019-08-02 01:25:02.697605: I tensorflow/stream_executor/platform/default/dso_loader.cc:42] Successfully opened dynamic library libcusolver.so.10.0
2019-08-02 01:25:02.698406: I tensorflow/stream_executor/platform/default/dso_loader.cc:42] Successfully opened dynamic library libcusparse.so.10.0
2019-08-02 01:25:02.700541: I tensorflow/stream_executor/platform/default/dso_loader.cc:42] Successfully opened dynamic library libcudnn.so.7
2019-08-02 01:25:02.700648: I tensorflow/stream_executor/cuda/cuda_gpu_executor.cc:1005] successful NUMA node read from SysFS had negative value (-1), but there must be at least one NUMA node, so returning NUMA node zero
2019-08-02 01:25:02.701186: I tensorflow/stream_executor/cuda/cuda_gpu_executor.cc:1005] successful NUMA node read from SysFS had negative value (-1), but there must be at least one NUMA node, so returning NUMA node zero
2019-08-02 01:25:02.701655: I tensorflow/core/common_runtime/gpu/gpu_device.cc:1763] Adding visible gpu devices: 0
2019-08-02 01:25:02.701687: I tensorflow/stream_executor/platform/default/dso_loader.cc:42] Successfully opened dynamic library libcudart.so.10.0
2019-08-02 01:25:02.702640: I tensorflow/core/common_runtime/gpu/gpu_device.cc:1181] Device interconnect StreamExecutor with strength 1 edge matrix:
2019-08-02 01:25:02.702651: I tensorflow/core/common_runtime/gpu/gpu_device.cc:1187]      0 
2019-08-02 01:25:02.702656: I tensorflow/core/common_runtime/gpu/gpu_device.cc:1200] 0:   N 
2019-08-02 01:25:02.702743: I tensorflow/stream_executor/cuda/cuda_gpu_executor.cc:1005] successful NUMA node read from SysFS had negative value (-1), but there must be at least one NUMA node, so returning NUMA node zero
2019-08-02 01:25:02.703245: I tensorflow/stream_executor/cuda/cuda_gpu_executor.cc:1005] successful NUMA node read from SysFS had negative value (-1), but there must be at least one NUMA node, so returning NUMA node zero
2019-08-02 01:25:02.703732: I tensorflow/core/common_runtime/gpu/gpu_device.cc:1326] Created TensorFlow device (/job:localhost/replica:0/task:0/device:GPU:0 with 6709 MB memory) -> physical GPU (device: 0, name: GeForce GTX 1070, pci bus id: 0000:01:00.0, compute capability: 6.1)
2019-08-02 01:25:03.322024: I tensorflow/stream_executor/platform/default/dso_loader.cc:42] Successfully opened dynamic library libcublas.so.10.0
111699/111699 [==============================] - 6s 52us/step - loss: 0.2489 - binary_accuracy: 0.9296 - rmse: 0.2255 - fp_rate: 0.0051 - val_loss: 0.1871 - val_binary_accuracy: 0.9463 - val_rmse: 0.1992 - val_fp_rate: 0.0122
Epoch 2/20
111699/111699 [==============================] - 5s 43us/step - loss: 0.1778 - binary_accuracy: 0.9483 - rmse: 0.1942 - fp_rate: 0.0108 - val_loss: 0.1658 - val_binary_accuracy: 0.9496 - val_rmse: 0.1892 - val_fp_rate: 0.0111
Epoch 3/20
111699/111699 [==============================] - 5s 45us/step - loss: 0.1642 - binary_accuracy: 0.9505 - rmse: 0.1885 - fp_rate: 0.0115 - val_loss: 0.1578 - val_binary_accuracy: 0.9514 - val_rmse: 0.1861 - val_fp_rate: 0.0118
Epoch 4/20
111699/111699 [==============================] - 5s 44us/step - loss: 0.1575 - binary_accuracy: 0.9514 - rmse: 0.1861 - fp_rate: 0.0121 - val_loss: 0.1536 - val_binary_accuracy: 0.9517 - val_rmse: 0.1853 - val_fp_rate: 0.0123
Epoch 5/20
111699/111699 [==============================] - 5s 42us/step - loss: 0.1535 - binary_accuracy: 0.9515 - rmse: 0.1850 - fp_rate: 0.0121 - val_loss: 0.1506 - val_binary_accuracy: 0.9520 - val_rmse: 0.1838 - val_fp_rate: 0.0134
Epoch 6/20
111699/111699 [==============================] - 5s 41us/step - loss: 0.1502 - binary_accuracy: 0.9529 - rmse: 0.1831 - fp_rate: 0.0117 - val_loss: 0.1484 - val_binary_accuracy: 0.9520 - val_rmse: 0.1831 - val_fp_rate: 0.0132
Epoch 7/20
111699/111699 [==============================] - 4s 38us/step - loss: 0.1482 - binary_accuracy: 0.9528 - rmse: 0.1822 - fp_rate: 0.0119 - val_loss: 0.1471 - val_binary_accuracy: 0.9525 - val_rmse: 0.1827 - val_fp_rate: 0.0111
Epoch 8/20
111699/111699 [==============================] - 5s 45us/step - loss: 0.1462 - binary_accuracy: 0.9533 - rmse: 0.1812 - fp_rate: 0.0120 - val_loss: 0.1456 - val_binary_accuracy: 0.9525 - val_rmse: 0.1824 - val_fp_rate: 0.0116
Epoch 9/20
111699/111699 [==============================] - 5s 44us/step - loss: 0.1451 - binary_accuracy: 0.9533 - rmse: 0.1812 - fp_rate: 0.0121 - val_loss: 0.1446 - val_binary_accuracy: 0.9526 - val_rmse: 0.1819 - val_fp_rate: 0.0127
Epoch 10/20
111699/111699 [==============================] - 4s 39us/step - loss: 0.1436 - binary_accuracy: 0.9537 - rmse: 0.1804 - fp_rate: 0.0118 - val_loss: 0.1436 - val_binary_accuracy: 0.9528 - val_rmse: 0.1814 - val_fp_rate: 0.0132
Epoch 11/20
111699/111699 [==============================] - 5s 43us/step - loss: 0.1425 - binary_accuracy: 0.9536 - rmse: 0.1799 - fp_rate: 0.0119 - val_loss: 0.1430 - val_binary_accuracy: 0.9530 - val_rmse: 0.1809 - val_fp_rate: 0.0118
Epoch 12/20
111699/111699 [==============================] - 5s 42us/step - loss: 0.1413 - binary_accuracy: 0.9542 - rmse: 0.1791 - fp_rate: 0.0116 - val_loss: 0.1423 - val_binary_accuracy: 0.9529 - val_rmse: 0.1811 - val_fp_rate: 0.0136
Epoch 13/20
111699/111699 [==============================] - 4s 38us/step - loss: 0.1405 - binary_accuracy: 0.9542 - rmse: 0.1792 - fp_rate: 0.0118 - val_loss: 0.1418 - val_binary_accuracy: 0.9533 - val_rmse: 0.1804 - val_fp_rate: 0.0131
Epoch 14/20
111699/111699 [==============================] - 5s 42us/step - loss: 0.1400 - binary_accuracy: 0.9547 - rmse: 0.1786 - fp_rate: 0.0117 - val_loss: 0.1412 - val_binary_accuracy: 0.9530 - val_rmse: 0.1805 - val_fp_rate: 0.0133
Epoch 15/20
111699/111699 [==============================] - 5s 42us/step - loss: 0.1395 - binary_accuracy: 0.9546 - rmse: 0.1789 - fp_rate: 0.0119 - val_loss: 0.1407 - val_binary_accuracy: 0.9530 - val_rmse: 0.1805 - val_fp_rate: 0.0125
Epoch 16/20
111699/111699 [==============================] - 5s 45us/step - loss: 0.1394 - binary_accuracy: 0.9544 - rmse: 0.1789 - fp_rate: 0.0117 - val_loss: 0.1402 - val_binary_accuracy: 0.9535 - val_rmse: 0.1801 - val_fp_rate: 0.0128
Epoch 17/20
111699/111699 [==============================] - 5s 42us/step - loss: 0.1385 - binary_accuracy: 0.9549 - rmse: 0.1779 - fp_rate: 0.0117 - val_loss: 0.1399 - val_binary_accuracy: 0.9533 - val_rmse: 0.1799 - val_fp_rate: 0.0132
Epoch 18/20
111699/111699 [==============================] - 5s 42us/step - loss: 0.1377 - binary_accuracy: 0.9549 - rmse: 0.1774 - fp_rate: 0.0118 - val_loss: 0.1398 - val_binary_accuracy: 0.9535 - val_rmse: 0.1796 - val_fp_rate: 0.0114
Epoch 19/20
111699/111699 [==============================] - 5s 43us/step - loss: 0.1375 - binary_accuracy: 0.9547 - rmse: 0.1775 - fp_rate: 0.0119 - val_loss: 0.1392 - val_binary_accuracy: 0.9538 - val_rmse: 0.1793 - val_fp_rate: 0.0122
Epoch 20/20
111699/111699 [==============================] - 4s 39us/step - loss: 0.1369 - binary_accuracy: 0.9545 - rmse: 0.1773 - fp_rate: 0.0120 - val_loss: 0.1391 - val_binary_accuracy: 0.9538 - val_rmse: 0.1799 - val_fp_rate: 0.0133
Write plots to: data/metrics/toxic-metrics.png

Training model for severe_toxic
Train on 111699 samples, validate on 47872 samples
Epoch 1/20
111699/111699 [==============================] - 5s 44us/step - loss: 0.1266 - binary_accuracy: 0.9893 - rmse: 0.0938 - fp_rate: 7.6097e-04 - val_loss: 0.0793 - val_binary_accuracy: 0.9900 - val_rmse: 0.0778 - val_fp_rate: 0.0000e+00
Epoch 2/20
111699/111699 [==============================] - 5s 42us/step - loss: 0.0733 - binary_accuracy: 0.9900 - rmse: 0.0773 - fp_rate: 8.9526e-06 - val_loss: 0.0657 - val_binary_accuracy: 0.9900 - val_rmse: 0.0737 - val_fp_rate: 2.0889e-05
Epoch 3/20
111699/111699 [==============================] - 5s 43us/step - loss: 0.0639 - binary_accuracy: 0.9902 - rmse: 0.0750 - fp_rate: 8.9526e-05 - val_loss: 0.0599 - val_binary_accuracy: 0.9900 - val_rmse: 0.0722 - val_fp_rate: 3.1334e-04
Epoch 4/20
111699/111699 [==============================] - 6s 52us/step - loss: 0.0592 - binary_accuracy: 0.9901 - rmse: 0.0735 - fp_rate: 3.8496e-04 - val_loss: 0.0564 - val_binary_accuracy: 0.9903 - val_rmse: 0.0722 - val_fp_rate: 3.5511e-04
Epoch 5/20
111699/111699 [==============================] - 6s 50us/step - loss: 0.0561 - binary_accuracy: 0.9903 - rmse: 0.0728 - fp_rate: 6.2668e-04 - val_loss: 0.0541 - val_binary_accuracy: 0.9903 - val_rmse: 0.0718 - val_fp_rate: 5.0134e-04
Epoch 6/20
111699/111699 [==============================] - 5s 44us/step - loss: 0.0541 - binary_accuracy: 0.9905 - rmse: 0.0718 - fp_rate: 8.0574e-04 - val_loss: 0.0527 - val_binary_accuracy: 0.9904 - val_rmse: 0.0708 - val_fp_rate: 5.0134e-04
Epoch 7/20
111699/111699 [==============================] - 5s 44us/step - loss: 0.0527 - binary_accuracy: 0.9902 - rmse: 0.0716 - fp_rate: 9.4003e-04 - val_loss: 0.0512 - val_binary_accuracy: 0.9903 - val_rmse: 0.0712 - val_fp_rate: 8.7734e-04
Epoch 8/20
111699/111699 [==============================] - 5s 42us/step - loss: 0.0515 - binary_accuracy: 0.9902 - rmse: 0.0716 - fp_rate: 0.0012 - val_loss: 0.0502 - val_binary_accuracy: 0.9904 - val_rmse: 0.0706 - val_fp_rate: 8.7734e-04
Epoch 9/20
111699/111699 [==============================] - 5s 45us/step - loss: 0.0504 - binary_accuracy: 0.9902 - rmse: 0.0712 - fp_rate: 0.0012 - val_loss: 0.0494 - val_binary_accuracy: 0.9904 - val_rmse: 0.0706 - val_fp_rate: 9.6090e-04
Epoch 10/20
111699/111699 [==============================] - 5s 48us/step - loss: 0.0496 - binary_accuracy: 0.9904 - rmse: 0.0706 - fp_rate: 0.0012 - val_loss: 0.0488 - val_binary_accuracy: 0.9904 - val_rmse: 0.0702 - val_fp_rate: 8.7734e-04
Epoch 11/20
111699/111699 [==============================] - 5s 46us/step - loss: 0.0490 - binary_accuracy: 0.9903 - rmse: 0.0709 - fp_rate: 0.0013 - val_loss: 0.0481 - val_binary_accuracy: 0.9904 - val_rmse: 0.0700 - val_fp_rate: 9.8178e-04
Epoch 12/20
111699/111699 [==============================] - 5s 41us/step - loss: 0.0484 - binary_accuracy: 0.9903 - rmse: 0.0702 - fp_rate: 0.0012 - val_loss: 0.0475 - val_binary_accuracy: 0.9903 - val_rmse: 0.0704 - val_fp_rate: 0.0011
Epoch 13/20
111699/111699 [==============================] - 4s 40us/step - loss: 0.0480 - binary_accuracy: 0.9901 - rmse: 0.0702 - fp_rate: 0.0015 - val_loss: 0.0471 - val_binary_accuracy: 0.9903 - val_rmse: 0.0701 - val_fp_rate: 0.0011
Epoch 14/20
111699/111699 [==============================] - 5s 42us/step - loss: 0.0474 - binary_accuracy: 0.9903 - rmse: 0.0704 - fp_rate: 0.0014 - val_loss: 0.0466 - val_binary_accuracy: 0.9903 - val_rmse: 0.0701 - val_fp_rate: 0.0012
Epoch 15/20
111699/111699 [==============================] - 5s 44us/step - loss: 0.0468 - binary_accuracy: 0.9904 - rmse: 0.0695 - fp_rate: 0.0014 - val_loss: 0.0463 - val_binary_accuracy: 0.9903 - val_rmse: 0.0699 - val_fp_rate: 0.0012
Epoch 16/20
111699/111699 [==============================] - 5s 44us/step - loss: 0.0464 - binary_accuracy: 0.9905 - rmse: 0.0697 - fp_rate: 0.0014 - val_loss: 0.0460 - val_binary_accuracy: 0.9904 - val_rmse: 0.0696 - val_fp_rate: 0.0012
Epoch 17/20
111699/111699 [==============================] - 5s 46us/step - loss: 0.0463 - binary_accuracy: 0.9904 - rmse: 0.0700 - fp_rate: 0.0015 - val_loss: 0.0457 - val_binary_accuracy: 0.9903 - val_rmse: 0.0698 - val_fp_rate: 0.0012
Epoch 18/20
111699/111699 [==============================] - 5s 43us/step - loss: 0.0461 - binary_accuracy: 0.9903 - rmse: 0.0702 - fp_rate: 0.0015 - val_loss: 0.0454 - val_binary_accuracy: 0.9903 - val_rmse: 0.0695 - val_fp_rate: 0.0012
Epoch 19/20
111699/111699 [==============================] - 5s 44us/step - loss: 0.0458 - binary_accuracy: 0.9903 - rmse: 0.0704 - fp_rate: 0.0014 - val_loss: 0.0451 - val_binary_accuracy: 0.9904 - val_rmse: 0.0696 - val_fp_rate: 0.0013
Epoch 20/20
111699/111699 [==============================] - 5s 44us/step - loss: 0.0455 - binary_accuracy: 0.9906 - rmse: 0.0695 - fp_rate: 0.0015 - val_loss: 0.0450 - val_binary_accuracy: 0.9904 - val_rmse: 0.0693 - val_fp_rate: 0.0012
Write plots to: data/metrics/severe_toxic-metrics.png

Training model for obscene
Train on 111699 samples, validate on 47872 samples
Epoch 1/20
111699/111699 [==============================] - 5s 44us/step - loss: 0.1953 - binary_accuracy: 0.9548 - rmse: 0.1813 - fp_rate: 0.0027 - val_loss: 0.1395 - val_binary_accuracy: 0.9648 - val_rmse: 0.1573 - val_fp_rate: 0.0040
Epoch 2/20
111699/111699 [==============================] - 5s 44us/step - loss: 0.1317 - binary_accuracy: 0.9664 - rmse: 0.1537 - fp_rate: 0.0056 - val_loss: 0.1205 - val_binary_accuracy: 0.9693 - val_rmse: 0.1466 - val_fp_rate: 0.0062
Epoch 3/20
111699/111699 [==============================] - 5s 46us/step - loss: 0.1194 - binary_accuracy: 0.9684 - rmse: 0.1477 - fp_rate: 0.0062 - val_loss: 0.1136 - val_binary_accuracy: 0.9699 - val_rmse: 0.1443 - val_fp_rate: 0.0051
Epoch 4/20
111699/111699 [==============================] - 5s 47us/step - loss: 0.1128 - binary_accuracy: 0.9694 - rmse: 0.1443 - fp_rate: 0.0064 - val_loss: 0.1084 - val_binary_accuracy: 0.9708 - val_rmse: 0.1419 - val_fp_rate: 0.0055
Epoch 5/20
111699/111699 [==============================] - 5s 43us/step - loss: 0.1088 - binary_accuracy: 0.9702 - rmse: 0.1422 - fp_rate: 0.0062 - val_loss: 0.1053 - val_binary_accuracy: 0.9713 - val_rmse: 0.1401 - val_fp_rate: 0.0060
Epoch 6/20
111699/111699 [==============================] - 5s 46us/step - loss: 0.1061 - binary_accuracy: 0.9707 - rmse: 0.1411 - fp_rate: 0.0064 - val_loss: 0.1030 - val_binary_accuracy: 0.9718 - val_rmse: 0.1394 - val_fp_rate: 0.0058
Epoch 7/20
111699/111699 [==============================] - 5s 45us/step - loss: 0.1042 - binary_accuracy: 0.9708 - rmse: 0.1403 - fp_rate: 0.0064 - val_loss: 0.1026 - val_binary_accuracy: 0.9719 - val_rmse: 0.1385 - val_fp_rate: 0.0055
Epoch 8/20
111699/111699 [==============================] - 5s 46us/step - loss: 0.1027 - binary_accuracy: 0.9710 - rmse: 0.1399 - fp_rate: 0.0062 - val_loss: 0.0999 - val_binary_accuracy: 0.9723 - val_rmse: 0.1379 - val_fp_rate: 0.0067
Epoch 9/20
111699/111699 [==============================] - 5s 42us/step - loss: 0.1009 - binary_accuracy: 0.9714 - rmse: 0.1385 - fp_rate: 0.0064 - val_loss: 0.0991 - val_binary_accuracy: 0.9724 - val_rmse: 0.1379 - val_fp_rate: 0.0055
Epoch 10/20
111699/111699 [==============================] - 5s 44us/step - loss: 0.1001 - binary_accuracy: 0.9715 - rmse: 0.1382 - fp_rate: 0.0062 - val_loss: 0.0979 - val_binary_accuracy: 0.9726 - val_rmse: 0.1370 - val_fp_rate: 0.0065
Epoch 11/20
111699/111699 [==============================] - 5s 46us/step - loss: 0.0990 - binary_accuracy: 0.9718 - rmse: 0.1374 - fp_rate: 0.0063 - val_loss: 0.0972 - val_binary_accuracy: 0.9727 - val_rmse: 0.1364 - val_fp_rate: 0.0063
Epoch 12/20
111699/111699 [==============================] - 5s 45us/step - loss: 0.0979 - binary_accuracy: 0.9720 - rmse: 0.1361 - fp_rate: 0.0062 - val_loss: 0.0966 - val_binary_accuracy: 0.9729 - val_rmse: 0.1366 - val_fp_rate: 0.0073
Epoch 13/20
111699/111699 [==============================] - 5s 44us/step - loss: 0.0973 - binary_accuracy: 0.9719 - rmse: 0.1361 - fp_rate: 0.0062 - val_loss: 0.0958 - val_binary_accuracy: 0.9731 - val_rmse: 0.1358 - val_fp_rate: 0.0070
Epoch 14/20
111699/111699 [==============================] - 5s 42us/step - loss: 0.0967 - binary_accuracy: 0.9721 - rmse: 0.1359 - fp_rate: 0.0061 - val_loss: 0.0955 - val_binary_accuracy: 0.9728 - val_rmse: 0.1358 - val_fp_rate: 0.0059
Epoch 15/20
111699/111699 [==============================] - 5s 45us/step - loss: 0.0960 - binary_accuracy: 0.9723 - rmse: 0.1359 - fp_rate: 0.0061 - val_loss: 0.0950 - val_binary_accuracy: 0.9729 - val_rmse: 0.1358 - val_fp_rate: 0.0060
Epoch 16/20
111699/111699 [==============================] - 5s 42us/step - loss: 0.0956 - binary_accuracy: 0.9724 - rmse: 0.1350 - fp_rate: 0.0061 - val_loss: 0.0944 - val_binary_accuracy: 0.9730 - val_rmse: 0.1352 - val_fp_rate: 0.0066
Epoch 17/20
111699/111699 [==============================] - 5s 43us/step - loss: 0.0949 - binary_accuracy: 0.9727 - rmse: 0.1348 - fp_rate: 0.0060 - val_loss: 0.0942 - val_binary_accuracy: 0.9731 - val_rmse: 0.1352 - val_fp_rate: 0.0058
Epoch 18/20
111699/111699 [==============================] - 5s 43us/step - loss: 0.0944 - binary_accuracy: 0.9725 - rmse: 0.1348 - fp_rate: 0.0062 - val_loss: 0.0938 - val_binary_accuracy: 0.9731 - val_rmse: 0.1351 - val_fp_rate: 0.0059
Epoch 19/20
111699/111699 [==============================] - 5s 43us/step - loss: 0.0942 - binary_accuracy: 0.9724 - rmse: 0.1349 - fp_rate: 0.0063 - val_loss: 0.0933 - val_binary_accuracy: 0.9733 - val_rmse: 0.1347 - val_fp_rate: 0.0065
Epoch 20/20
111699/111699 [==============================] - 5s 45us/step - loss: 0.0941 - binary_accuracy: 0.9724 - rmse: 0.1347 - fp_rate: 0.0062 - val_loss: 0.0930 - val_binary_accuracy: 0.9734 - val_rmse: 0.1345 - val_fp_rate: 0.0070
Write plots to: data/metrics/obscene-metrics.png

Training model for threat
Train on 111699 samples, validate on 47872 samples
Epoch 1/20
111699/111699 [==============================] - 5s 45us/step - loss: 0.1121 - binary_accuracy: 0.9958 - rmse: 0.0625 - fp_rate: 0.0012 - val_loss: 0.0635 - val_binary_accuracy: 0.9970 - val_rmse: 0.0410 - val_fp_rate: 0.0000e+00
Epoch 2/20
111699/111699 [==============================] - 5s 41us/step - loss: 0.0575 - binary_accuracy: 0.9970 - rmse: 0.0416 - fp_rate: 0.0000e+00 - val_loss: 0.0497 - val_binary_accuracy: 0.9970 - val_rmse: 0.0368 - val_fp_rate: 0.0000e+00
Epoch 3/20
111699/111699 [==============================] - 4s 39us/step - loss: 0.0483 - binary_accuracy: 0.9970 - rmse: 0.0383 - fp_rate: 0.0000e+00 - val_loss: 0.0440 - val_binary_accuracy: 0.9970 - val_rmse: 0.0351 - val_fp_rate: 0.0000e+00
Epoch 4/20
111699/111699 [==============================] - 5s 45us/step - loss: 0.0438 - binary_accuracy: 0.9970 - rmse: 0.0363 - fp_rate: 0.0000e+00 - val_loss: 0.0409 - val_binary_accuracy: 0.9970 - val_rmse: 0.0343 - val_fp_rate: 0.0000e+00
Epoch 5/20
111699/111699 [==============================] - 4s 40us/step - loss: 0.0410 - binary_accuracy: 0.9970 - rmse: 0.0354 - fp_rate: 0.0000e+00 - val_loss: 0.0389 - val_binary_accuracy: 0.9970 - val_rmse: 0.0336 - val_fp_rate: 0.0000e+00
Epoch 6/20
111699/111699 [==============================] - 5s 44us/step - loss: 0.0392 - binary_accuracy: 0.9970 - rmse: 0.0346 - fp_rate: 0.0000e+00 - val_loss: 0.0375 - val_binary_accuracy: 0.9970 - val_rmse: 0.0334 - val_fp_rate: 0.0000e+00
Epoch 7/20
111699/111699 [==============================] - 5s 41us/step - loss: 0.0379 - binary_accuracy: 0.9970 - rmse: 0.0341 - fp_rate: 0.0000e+00 - val_loss: 0.0364 - val_binary_accuracy: 0.9970 - val_rmse: 0.0325 - val_fp_rate: 0.0000e+00
Epoch 8/20
111699/111699 [==============================] - 4s 40us/step - loss: 0.0368 - binary_accuracy: 0.9970 - rmse: 0.0336 - fp_rate: 0.0000e+00 - val_loss: 0.0356 - val_binary_accuracy: 0.9970 - val_rmse: 0.0323 - val_fp_rate: 0.0000e+00
Epoch 9/20
111699/111699 [==============================] - 5s 49us/step - loss: 0.0361 - binary_accuracy: 0.9970 - rmse: 0.0333 - fp_rate: 0.0000e+00 - val_loss: 0.0349 - val_binary_accuracy: 0.9970 - val_rmse: 0.0317 - val_fp_rate: 0.0000e+00
Epoch 10/20
111699/111699 [==============================] - 5s 43us/step - loss: 0.0354 - binary_accuracy: 0.9970 - rmse: 0.0328 - fp_rate: 0.0000e+00 - val_loss: 0.0344 - val_binary_accuracy: 0.9970 - val_rmse: 0.0318 - val_fp_rate: 0.0000e+00
Epoch 11/20
111699/111699 [==============================] - 4s 39us/step - loss: 0.0349 - binary_accuracy: 0.9970 - rmse: 0.0326 - fp_rate: 0.0000e+00 - val_loss: 0.0339 - val_binary_accuracy: 0.9970 - val_rmse: 0.0317 - val_fp_rate: 0.0000e+00
Epoch 12/20
111699/111699 [==============================] - 5s 42us/step - loss: 0.0344 - binary_accuracy: 0.9970 - rmse: 0.0323 - fp_rate: 0.0000e+00 - val_loss: 0.0335 - val_binary_accuracy: 0.9970 - val_rmse: 0.0313 - val_fp_rate: 0.0000e+00
Epoch 13/20
111699/111699 [==============================] - 5s 43us/step - loss: 0.0340 - binary_accuracy: 0.9970 - rmse: 0.0322 - fp_rate: 0.0000e+00 - val_loss: 0.0332 - val_binary_accuracy: 0.9970 - val_rmse: 0.0311 - val_fp_rate: 0.0000e+00
Epoch 14/20
111699/111699 [==============================] - 5s 42us/step - loss: 0.0337 - binary_accuracy: 0.9970 - rmse: 0.0321 - fp_rate: 0.0000e+00 - val_loss: 0.0329 - val_binary_accuracy: 0.9970 - val_rmse: 0.0310 - val_fp_rate: 0.0000e+00
Epoch 15/20
111699/111699 [==============================] - 5s 44us/step - loss: 0.0333 - binary_accuracy: 0.9970 - rmse: 0.0317 - fp_rate: 0.0000e+00 - val_loss: 0.0326 - val_binary_accuracy: 0.9970 - val_rmse: 0.0309 - val_fp_rate: 0.0000e+00
Epoch 16/20
111699/111699 [==============================] - 5s 49us/step - loss: 0.0331 - binary_accuracy: 0.9970 - rmse: 0.0317 - fp_rate: 0.0000e+00 - val_loss: 0.0324 - val_binary_accuracy: 0.9970 - val_rmse: 0.0306 - val_fp_rate: 0.0000e+00
Epoch 17/20
111699/111699 [==============================] - 5s 47us/step - loss: 0.0328 - binary_accuracy: 0.9970 - rmse: 0.0313 - fp_rate: 0.0000e+00 - val_loss: 0.0321 - val_binary_accuracy: 0.9970 - val_rmse: 0.0305 - val_fp_rate: 0.0000e+00
Epoch 18/20
111699/111699 [==============================] - 5s 48us/step - loss: 0.0326 - binary_accuracy: 0.9970 - rmse: 0.0314 - fp_rate: 0.0000e+00 - val_loss: 0.0319 - val_binary_accuracy: 0.9970 - val_rmse: 0.0304 - val_fp_rate: 0.0000e+00
Epoch 19/20
111699/111699 [==============================] - 5s 42us/step - loss: 0.0324 - binary_accuracy: 0.9970 - rmse: 0.0312 - fp_rate: 0.0000e+00 - val_loss: 0.0317 - val_binary_accuracy: 0.9970 - val_rmse: 0.0304 - val_fp_rate: 0.0000e+00
Epoch 20/20
111699/111699 [==============================] - 4s 40us/step - loss: 0.0322 - binary_accuracy: 0.9970 - rmse: 0.0309 - fp_rate: 0.0000e+00 - val_loss: 0.0316 - val_binary_accuracy: 0.9970 - val_rmse: 0.0303 - val_fp_rate: 0.0000e+00
Write plots to: data/metrics/threat-metrics.png

Training model for insult
Train on 111699 samples, validate on 47872 samples
Epoch 1/20
111699/111699 [==============================] - 5s 43us/step - loss: 0.1917 - binary_accuracy: 0.9548 - rmse: 0.1783 - fp_rate: 0.0017 - val_loss: 0.1420 - val_binary_accuracy: 0.9625 - val_rmse: 0.1591 - val_fp_rate: 0.0037
Epoch 2/20
111699/111699 [==============================] - 5s 41us/step - loss: 0.1322 - binary_accuracy: 0.9659 - rmse: 0.1545 - fp_rate: 0.0054 - val_loss: 0.1239 - val_binary_accuracy: 0.9657 - val_rmse: 0.1526 - val_fp_rate: 0.0076
Epoch 3/20
111699/111699 [==============================] - 5s 44us/step - loss: 0.1211 - binary_accuracy: 0.9670 - rmse: 0.1503 - fp_rate: 0.0068 - val_loss: 0.1175 - val_binary_accuracy: 0.9665 - val_rmse: 0.1514 - val_fp_rate: 0.0075
Epoch 4/20
111699/111699 [==============================] - 5s 43us/step - loss: 0.1156 - binary_accuracy: 0.9678 - rmse: 0.1486 - fp_rate: 0.0070 - val_loss: 0.1133 - val_binary_accuracy: 0.9671 - val_rmse: 0.1489 - val_fp_rate: 0.0080
Epoch 5/20
111699/111699 [==============================] - 5s 41us/step - loss: 0.1122 - binary_accuracy: 0.9683 - rmse: 0.1465 - fp_rate: 0.0073 - val_loss: 0.1106 - val_binary_accuracy: 0.9672 - val_rmse: 0.1483 - val_fp_rate: 0.0072
Epoch 6/20
111699/111699 [==============================] - 4s 40us/step - loss: 0.1097 - binary_accuracy: 0.9685 - rmse: 0.1460 - fp_rate: 0.0072 - val_loss: 0.1087 - val_binary_accuracy: 0.9675 - val_rmse: 0.1476 - val_fp_rate: 0.0075
Epoch 7/20
111699/111699 [==============================] - 4s 39us/step - loss: 0.1078 - binary_accuracy: 0.9686 - rmse: 0.1451 - fp_rate: 0.0073 - val_loss: 0.1074 - val_binary_accuracy: 0.9677 - val_rmse: 0.1477 - val_fp_rate: 0.0073
Epoch 8/20
111699/111699 [==============================] - 5s 42us/step - loss: 0.1064 - binary_accuracy: 0.9689 - rmse: 0.1451 - fp_rate: 0.0073 - val_loss: 0.1060 - val_binary_accuracy: 0.9679 - val_rmse: 0.1469 - val_fp_rate: 0.0077
Epoch 9/20
111699/111699 [==============================] - 5s 43us/step - loss: 0.1050 - binary_accuracy: 0.9690 - rmse: 0.1441 - fp_rate: 0.0071 - val_loss: 0.1052 - val_binary_accuracy: 0.9682 - val_rmse: 0.1462 - val_fp_rate: 0.0082
Epoch 10/20
111699/111699 [==============================] - 5s 41us/step - loss: 0.1038 - binary_accuracy: 0.9694 - rmse: 0.1431 - fp_rate: 0.0074 - val_loss: 0.1043 - val_binary_accuracy: 0.9682 - val_rmse: 0.1463 - val_fp_rate: 0.0083
Epoch 11/20
111699/111699 [==============================] - 5s 42us/step - loss: 0.1035 - binary_accuracy: 0.9690 - rmse: 0.1436 - fp_rate: 0.0076 - val_loss: 0.1035 - val_binary_accuracy: 0.9684 - val_rmse: 0.1457 - val_fp_rate: 0.0075
Epoch 12/20
111699/111699 [==============================] - 5s 43us/step - loss: 0.1027 - binary_accuracy: 0.9693 - rmse: 0.1430 - fp_rate: 0.0074 - val_loss: 0.1028 - val_binary_accuracy: 0.9686 - val_rmse: 0.1454 - val_fp_rate: 0.0080
Epoch 13/20
111699/111699 [==============================] - 5s 43us/step - loss: 0.1019 - binary_accuracy: 0.9691 - rmse: 0.1433 - fp_rate: 0.0079 - val_loss: 0.1024 - val_binary_accuracy: 0.9685 - val_rmse: 0.1452 - val_fp_rate: 0.0075
Epoch 14/20
111699/111699 [==============================] - 5s 46us/step - loss: 0.1013 - binary_accuracy: 0.9699 - rmse: 0.1427 - fp_rate: 0.0072 - val_loss: 0.1018 - val_binary_accuracy: 0.9686 - val_rmse: 0.1452 - val_fp_rate: 0.0073
Epoch 15/20
111699/111699 [==============================] - 5s 43us/step - loss: 0.1008 - binary_accuracy: 0.9693 - rmse: 0.1426 - fp_rate: 0.0076 - val_loss: 0.1014 - val_binary_accuracy: 0.9686 - val_rmse: 0.1449 - val_fp_rate: 0.0081
Epoch 16/20
111699/111699 [==============================] - 5s 44us/step - loss: 0.1002 - binary_accuracy: 0.9694 - rmse: 0.1423 - fp_rate: 0.0075 - val_loss: 0.1009 - val_binary_accuracy: 0.9685 - val_rmse: 0.1448 - val_fp_rate: 0.0081
Epoch 17/20
111699/111699 [==============================] - 5s 45us/step - loss: 0.0998 - binary_accuracy: 0.9693 - rmse: 0.1419 - fp_rate: 0.0076 - val_loss: 0.1007 - val_binary_accuracy: 0.9684 - val_rmse: 0.1448 - val_fp_rate: 0.0086
Epoch 18/20
111699/111699 [==============================] - 5s 46us/step - loss: 0.0994 - binary_accuracy: 0.9697 - rmse: 0.1421 - fp_rate: 0.0076 - val_loss: 0.1003 - val_binary_accuracy: 0.9688 - val_rmse: 0.1444 - val_fp_rate: 0.0079
Epoch 19/20
111699/111699 [==============================] - 5s 45us/step - loss: 0.0992 - binary_accuracy: 0.9697 - rmse: 0.1422 - fp_rate: 0.0074 - val_loss: 0.0999 - val_binary_accuracy: 0.9686 - val_rmse: 0.1444 - val_fp_rate: 0.0083
Epoch 20/20
111699/111699 [==============================] - 5s 41us/step - loss: 0.0986 - binary_accuracy: 0.9698 - rmse: 0.1416 - fp_rate: 0.0075 - val_loss: 0.0997 - val_binary_accuracy: 0.9687 - val_rmse: 0.1441 - val_fp_rate: 0.0078
Write plots to: data/metrics/insult-metrics.png

Training model for identity_hate
Train on 111699 samples, validate on 47872 samples
Epoch 1/20
111699/111699 [==============================] - 5s 46us/step - loss: 0.1278 - binary_accuracy: 0.9899 - rmse: 0.0918 - fp_rate: 0.0013 - val_loss: 0.0814 - val_binary_accuracy: 0.9912 - val_rmse: 0.0766 - val_fp_rate: 0.0000e+00
Epoch 2/20
111699/111699 [==============================] - 6s 51us/step - loss: 0.0753 - binary_accuracy: 0.9912 - rmse: 0.0748 - fp_rate: 0.0000e+00 - val_loss: 0.0688 - val_binary_accuracy: 0.9912 - val_rmse: 0.0731 - val_fp_rate: 0.0000e+00
Epoch 3/20
111699/111699 [==============================] - 6s 50us/step - loss: 0.0670 - binary_accuracy: 0.9912 - rmse: 0.0723 - fp_rate: 0.0000e+00 - val_loss: 0.0639 - val_binary_accuracy: 0.9912 - val_rmse: 0.0706 - val_fp_rate: 0.0000e+00
Epoch 4/20
111699/111699 [==============================] - 5s 47us/step - loss: 0.0634 - binary_accuracy: 0.9912 - rmse: 0.0711 - fp_rate: 0.0000e+00 - val_loss: 0.0612 - val_binary_accuracy: 0.9912 - val_rmse: 0.0698 - val_fp_rate: 0.0000e+00
Epoch 5/20
111699/111699 [==============================] - 5s 42us/step - loss: 0.0611 - binary_accuracy: 0.9912 - rmse: 0.0706 - fp_rate: 0.0000e+00 - val_loss: 0.0594 - val_binary_accuracy: 0.9912 - val_rmse: 0.0696 - val_fp_rate: 0.0000e+00
Epoch 6/20
111699/111699 [==============================] - 5s 42us/step - loss: 0.0594 - binary_accuracy: 0.9912 - rmse: 0.0704 - fp_rate: 0.0000e+00 - val_loss: 0.0579 - val_binary_accuracy: 0.9912 - val_rmse: 0.0691 - val_fp_rate: 0.0000e+00
Epoch 7/20
111699/111699 [==============================] - 4s 38us/step - loss: 0.0580 - binary_accuracy: 0.9912 - rmse: 0.0693 - fp_rate: 0.0000e+00 - val_loss: 0.0568 - val_binary_accuracy: 0.9912 - val_rmse: 0.0690 - val_fp_rate: 0.0000e+00
Epoch 8/20
111699/111699 [==============================] - 5s 45us/step - loss: 0.0569 - binary_accuracy: 0.9912 - rmse: 0.0695 - fp_rate: 0.0000e+00 - val_loss: 0.0558 - val_binary_accuracy: 0.9912 - val_rmse: 0.0691 - val_fp_rate: 0.0000e+00
Epoch 9/20
111699/111699 [==============================] - 5s 45us/step - loss: 0.0560 - binary_accuracy: 0.9912 - rmse: 0.0694 - fp_rate: 0.0000e+00 - val_loss: 0.0550 - val_binary_accuracy: 0.9912 - val_rmse: 0.0685 - val_fp_rate: 0.0000e+00
Epoch 10/20
111699/111699 [==============================] - 5s 44us/step - loss: 0.0551 - binary_accuracy: 0.9912 - rmse: 0.0698 - fp_rate: 0.0000e+00 - val_loss: 0.0542 - val_binary_accuracy: 0.9912 - val_rmse: 0.0687 - val_fp_rate: 0.0000e+00
Epoch 11/20
111699/111699 [==============================] - 5s 41us/step - loss: 0.0543 - binary_accuracy: 0.9912 - rmse: 0.0695 - fp_rate: 0.0000e+00 - val_loss: 0.0535 - val_binary_accuracy: 0.9912 - val_rmse: 0.0687 - val_fp_rate: 0.0000e+00
Epoch 12/20
111699/111699 [==============================] - 5s 45us/step - loss: 0.0537 - binary_accuracy: 0.9912 - rmse: 0.0690 - fp_rate: 0.0000e+00 - val_loss: 0.0529 - val_binary_accuracy: 0.9912 - val_rmse: 0.0689 - val_fp_rate: 0.0000e+00
Epoch 13/20
111699/111699 [==============================] - 5s 42us/step - loss: 0.0532 - binary_accuracy: 0.9912 - rmse: 0.0696 - fp_rate: 0.0000e+00 - val_loss: 0.0524 - val_binary_accuracy: 0.9912 - val_rmse: 0.0687 - val_fp_rate: 0.0000e+00
Epoch 14/20
111699/111699 [==============================] - 5s 43us/step - loss: 0.0525 - binary_accuracy: 0.9912 - rmse: 0.0692 - fp_rate: 0.0000e+00 - val_loss: 0.0518 - val_binary_accuracy: 0.9912 - val_rmse: 0.0685 - val_fp_rate: 0.0000e+00
Epoch 15/20
111699/111699 [==============================] - 5s 41us/step - loss: 0.0518 - binary_accuracy: 0.9912 - rmse: 0.0682 - fp_rate: 0.0000e+00 - val_loss: 0.0514 - val_binary_accuracy: 0.9912 - val_rmse: 0.0686 - val_fp_rate: 0.0000e+00
Epoch 16/20
111699/111699 [==============================] - 5s 45us/step - loss: 0.0517 - binary_accuracy: 0.9912 - rmse: 0.0683 - fp_rate: 0.0000e+00 - val_loss: 0.0510 - val_binary_accuracy: 0.9912 - val_rmse: 0.0680 - val_fp_rate: 0.0000e+00
Epoch 17/20
111699/111699 [==============================] - 5s 41us/step - loss: 0.0510 - binary_accuracy: 0.9912 - rmse: 0.0690 - fp_rate: 0.0000e+00 - val_loss: 0.0506 - val_binary_accuracy: 0.9912 - val_rmse: 0.0688 - val_fp_rate: 0.0000e+00
Epoch 18/20
111699/111699 [==============================] - 5s 46us/step - loss: 0.0508 - binary_accuracy: 0.9912 - rmse: 0.0690 - fp_rate: 0.0000e+00 - val_loss: 0.0503 - val_binary_accuracy: 0.9912 - val_rmse: 0.0681 - val_fp_rate: 0.0000e+00
Epoch 19/20
111699/111699 [==============================] - 5s 41us/step - loss: 0.0505 - binary_accuracy: 0.9912 - rmse: 0.0685 - fp_rate: 0.0000e+00 - val_loss: 0.0499 - val_binary_accuracy: 0.9912 - val_rmse: 0.0680 - val_fp_rate: 0.0000e+00
Epoch 20/20
111699/111699 [==============================] - 5s 43us/step - loss: 0.0502 - binary_accuracy: 0.9912 - rmse: 0.0687 - fp_rate: 0.0000e+00 - val_loss: 0.0496 - val_binary_accuracy: 0.9912 - val_rmse: 0.0682 - val_fp_rate: 0.0000e+00
Write plots to: data/metrics/identity_hate-metrics.png
Training complete

Compilation finished at Fri Aug  2 01:34:50
